This is pdfTeX, Version 3.14159265-2.6-1.40.16 (MiKTeX 2.9 64-bit) (preloaded format=pdflatex 2015.11.9)  1 DEC 2015 12:36
entering extended mode
**writeup.tex
(writeup.tex
LaTeX2e <2015/01/01> patch level 2
Babel <3.9m> and hyphenation patterns for 69 languages loaded.
("C:\Program Files\MiKTeX 2.9\tex\latex\koma-script\scrartcl.cls"
Document Class: scrartcl 2015/10/03 v3.19a KOMA-Script document class (article)

("C:\Program Files\MiKTeX 2.9\tex\latex\koma-script\scrkbase.sty"
Package: scrkbase 2015/10/03 v3.19a KOMA-Script package (KOMA-Script-dependent 
basics and keyval usage)

("C:\Program Files\MiKTeX 2.9\tex\latex\koma-script\scrbase.sty"
Package: scrbase 2015/10/03 v3.19a KOMA-Script package (KOMA-Script-independent
 basics and keyval usage)

("C:\Program Files\MiKTeX 2.9\tex\latex\graphics\keyval.sty"
Package: keyval 2014/10/28 v1.15 key=value parser (DPC)
\KV@toks@=\toks14
)
("C:\Program Files\MiKTeX 2.9\tex\latex\koma-script\scrlfile.sty"
Package: scrlfile 2015/10/03 v3.19a KOMA-Script package (loading files)

Package scrlfile, 2015/10/03 v3.19a KOMA-Script package (loading files)
                  Copyright (C) Markus Kohm

))) ("C:\Program Files\MiKTeX 2.9\tex\latex\koma-script\tocbasic.sty"
Package: tocbasic 2015/10/03 v3.19a KOMA-Script package (handling toc-files)
)
Package tocbasic Info: omitting babel extension for `toc'
(tocbasic)             because of feature `nobabel' available
(tocbasic)             for `toc' on input line 123.
Package tocbasic Info: omitting babel extension for `lof'
(tocbasic)             because of feature `nobabel' available
(tocbasic)             for `lof' on input line 124.
Package tocbasic Info: omitting babel extension for `lot'
(tocbasic)             because of feature `nobabel' available
(tocbasic)             for `lot' on input line 125.
Class scrartcl Info: File `scrsize11pt.clo' used to setup font sizes on input l
ine 2033.

("C:\Program Files\MiKTeX 2.9\tex\latex\koma-script\scrsize11pt.clo"
File: scrsize11pt.clo 2015/10/03 v3.19a KOMA-Script font size class option (11p
t)
)
("C:\Program Files\MiKTeX 2.9\tex\latex\koma-script\typearea.sty"
Package: typearea 2015/10/03 v3.19a KOMA-Script package (type area)

Package typearea, 2015/10/03 v3.19a KOMA-Script package (type area)
                  Copyright (C) Frank Neukam, 1992-1994
                  Copyright (C) Markus Kohm, 1994-

\ta@bcor=\skip41
\ta@div=\count79
\ta@hblk=\skip42
\ta@vblk=\skip43
\ta@temp=\skip44
\footheight=\skip45
Package typearea Info: These are the values describing the layout:
(typearea)             DIV  = 10
(typearea)             BCOR = 0.0pt
(typearea)             \paperwidth      = 597.50793pt
(typearea)              \textwidth      = 418.25555pt
(typearea)              DIV departure   = -6%
(typearea)              \evensidemargin = 17.3562pt
(typearea)              \oddsidemargin  = 17.3562pt
(typearea)             \paperheight     = 845.04694pt
(typearea)              \textheight     = 595.80026pt
(typearea)              \topmargin      = -25.16531pt
(typearea)              \headheight     = 17.0pt
(typearea)              \headsep        = 20.40001pt
(typearea)              \topskip        = 11.0pt
(typearea)              \footskip       = 47.6pt
(typearea)              \baselineskip   = 13.6pt
(typearea)              on input line 1509.
)
\c@part=\count80
\c@section=\count81
\c@subsection=\count82
\c@subsubsection=\count83
\c@paragraph=\count84
\c@subparagraph=\count85
LaTeX Info: Redefining \textsubscript on input line 3906.
\abovecaptionskip=\skip46
\belowcaptionskip=\skip47
\c@pti@nb@sid@b@x=\box26
\c@figure=\count86
\c@table=\count87
\bibindent=\dimen102
) ("C:\Program Files\MiKTeX 2.9\tex\latex\base\fontenc.sty"
Package: fontenc 2005/09/27 v1.99g Standard LaTeX package

("C:\Program Files\MiKTeX 2.9\tex\latex\base\t1enc.def"
File: t1enc.def 2005/09/27 v1.99g Standard LaTeX file
LaTeX Font Info:    Redeclaring font encoding T1 on input line 48.
))
("C:\Program Files\MiKTeX 2.9\tex\generic\babel\babel.sty"
Package: babel 2015/08/03 3.9m The Babel package

*************************************
* Local config file bblopts.cfg used
*
("C:\Program Files\MiKTeX 2.9\tex\latex\00miktex\bblopts.cfg"
File: bblopts.cfg 2006/07/31 v1.0 MiKTeX 'babel' configuration
)
("C:\Program Files\MiKTeX 2.9\tex\latex\babel-english\english.ldf"
Language: english 2012/08/20 v3.3p English support from the babel system

("C:\Program Files\MiKTeX 2.9\tex\generic\babel\babel.def"
File: babel.def 2015/08/03 3.9m Babel common definitions
\babel@savecnt=\count88
\U@D=\dimen103
)
\l@canadian = a dialect from \language\l@american 
\l@australian = a dialect from \language\l@british 
\l@newzealand = a dialect from \language\l@british 
))
("C:\Program Files\MiKTeX 2.9\tex\latex\amsmath\amsmath.sty"
Package: amsmath 2013/01/14 v2.14 AMS math features
\@mathmargin=\skip48

For additional information on amsmath, use the `?' option.
("C:\Program Files\MiKTeX 2.9\tex\latex\amsmath\amstext.sty"
Package: amstext 2000/06/29 v2.01

("C:\Program Files\MiKTeX 2.9\tex\latex\amsmath\amsgen.sty"
File: amsgen.sty 1999/11/30 v2.0
\@emptytoks=\toks15
\ex@=\dimen104
))
("C:\Program Files\MiKTeX 2.9\tex\latex\amsmath\amsbsy.sty"
Package: amsbsy 1999/11/29 v1.2d
\pmbraise@=\dimen105
)
("C:\Program Files\MiKTeX 2.9\tex\latex\amsmath\amsopn.sty"
Package: amsopn 1999/12/14 v2.01 operator names
)
\inf@bad=\count89
LaTeX Info: Redefining \frac on input line 210.
\uproot@=\count90
\leftroot@=\count91
LaTeX Info: Redefining \overline on input line 306.
\classnum@=\count92
\DOTSCASE@=\count93
LaTeX Info: Redefining \ldots on input line 378.
LaTeX Info: Redefining \dots on input line 381.
LaTeX Info: Redefining \cdots on input line 466.
\Mathstrutbox@=\box27
\strutbox@=\box28
\big@size=\dimen106
LaTeX Font Info:    Redeclaring font encoding OML on input line 566.
LaTeX Font Info:    Redeclaring font encoding OMS on input line 567.
\macc@depth=\count94
\c@MaxMatrixCols=\count95
\dotsspace@=\muskip10
\c@parentequation=\count96
\dspbrk@lvl=\count97
\tag@help=\toks16
\row@=\count98
\column@=\count99
\maxfields@=\count100
\andhelp@=\toks17
\eqnshift@=\dimen107
\alignsep@=\dimen108
\tagshift@=\dimen109
\tagwidth@=\dimen110
\totwidth@=\dimen111
\lineht@=\dimen112
\@envbody=\toks18
\multlinegap=\skip49
\multlinetaggap=\skip50
\mathdisplay@stack=\toks19
LaTeX Info: Redefining \[ on input line 2665.
LaTeX Info: Redefining \] on input line 2666.
)
("C:\Program Files\MiKTeX 2.9\tex\latex\amsfonts\amsfonts.sty"
Package: amsfonts 2013/01/14 v3.01 Basic AMSFonts support
\symAMSa=\mathgroup4
\symAMSb=\mathgroup5
LaTeX Font Info:    Overwriting math alphabet `\mathfrak' in version `bold'
(Font)                  U/euf/m/n --> U/euf/b/n on input line 106.
)
("C:\Program Files\MiKTeX 2.9\tex\latex\amscls\amsthm.sty"
Package: amsthm 2015/03/04 v2.20.2
\thm@style=\toks20
\thm@bodyfont=\toks21
\thm@headfont=\toks22
\thm@notefont=\toks23
\thm@headpunct=\toks24
\thm@preskip=\skip51
\thm@postskip=\skip52
\thm@headsep=\skip53
\dth@everypar=\toks25
)
("C:\Program Files\MiKTeX 2.9\tex\latex\graphics\graphicx.sty"
Package: graphicx 2014/10/28 v1.0g Enhanced LaTeX Graphics (DPC,SPQR)

("C:\Program Files\MiKTeX 2.9\tex\latex\graphics\graphics.sty"
Package: graphics 2014/10/28 v1.0p Standard LaTeX Graphics (DPC,SPQR)

("C:\Program Files\MiKTeX 2.9\tex\latex\graphics\trig.sty"
Package: trig 1999/03/16 v1.09 sin cos tan (DPC)
)
("C:\Program Files\MiKTeX 2.9\tex\latex\00miktex\graphics.cfg"
File: graphics.cfg 2007/01/18 v1.5 graphics configuration of teTeX/TeXLive
)
Package graphics Info: Driver file: pdftex.def on input line 94.

("C:\Program Files\MiKTeX 2.9\tex\latex\pdftex-def\pdftex.def"
File: pdftex.def 2011/05/27 v0.06d Graphics/color for pdfTeX

("C:\Program Files\MiKTeX 2.9\tex\generic\oberdiek\infwarerr.sty"
Package: infwarerr 2010/04/08 v1.3 Providing info/warning/error messages (HO)
)
("C:\Program Files\MiKTeX 2.9\tex\generic\oberdiek\ltxcmds.sty"
Package: ltxcmds 2011/11/09 v1.22 LaTeX kernel commands for general use (HO)
)
\Gread@gobject=\count101
))
\Gin@req@height=\dimen113
\Gin@req@width=\dimen114
)
("C:\Program Files\MiKTeX 2.9\tex\latex\lipsum\lipsum.sty"
Package: lipsum 2014/07/27 v1.3 150 paragraphs of Lorem Ipsum dummy text
\c@lips@count=\count102
)
("C:\Program Files\MiKTeX 2.9\tex\latex\sectsty\sectsty.sty"
Package: sectsty 2002/02/25 v2.0.2 Commands to change all sectional heading sty
les
)

Class scrartcl Warning: Usage of package `fancyhdr' together
(scrartcl)              with a KOMA-Script class is not recommended.
(scrartcl)              I'd suggest to use 
(scrartcl)              package `scrlayer-scrpage'.
(scrartcl)              Nevertheless, using requested
(scrartcl)              package `fancyhdr' on input line 14.

("C:\Program Files\MiKTeX 2.9\tex\latex\fancyhdr\fancyhdr.sty"
\fancy@headwidth=\skip54
\f@ncyO@elh=\skip55
\f@ncyO@erh=\skip56
\f@ncyO@olh=\skip57
\f@ncyO@orh=\skip58
\f@ncyO@elf=\skip59
\f@ncyO@erf=\skip60
\f@ncyO@olf=\skip61
\f@ncyO@orf=\skip62
) (writeup.aux)
LaTeX Font Info:    Checking defaults for OML/cmm/m/it on input line 47.
LaTeX Font Info:    ... okay on input line 47.
LaTeX Font Info:    Checking defaults for T1/cmr/m/n on input line 47.
LaTeX Font Info:    ... okay on input line 47.
LaTeX Font Info:    Checking defaults for OT1/cmr/m/n on input line 47.
LaTeX Font Info:    ... okay on input line 47.
LaTeX Font Info:    Checking defaults for OMS/cmsy/m/n on input line 47.
LaTeX Font Info:    ... okay on input line 47.
LaTeX Font Info:    Checking defaults for OMX/cmex/m/n on input line 47.
LaTeX Font Info:    ... okay on input line 47.
LaTeX Font Info:    Checking defaults for U/cmr/m/n on input line 47.
LaTeX Font Info:    ... okay on input line 47.

("C:\Program Files\MiKTeX 2.9\tex\context\base\supp-pdf.mkii"
[Loading MPS to PDF converter (version 2006.09.02).]
\scratchcounter=\count103
\scratchdimen=\dimen115
\scratchbox=\box29
\nofMPsegments=\count104
\nofMParguments=\count105
\everyMPshowfont=\toks26
\MPscratchCnt=\count106
\MPscratchDim=\dimen116
\MPnumerator=\count107
\makeMPintoPDFobject=\count108
\everyMPtoPDFconversion=\toks27
)
LaTeX Font Info:    Try loading font information for T1+cmss on input line 50.
 ("C:\Program Files\MiKTeX 2.9\tex\latex\base\t1cmss.fd"
File: t1cmss.fd 2014/09/29 v2.5h Standard LaTeX font definitions
)
LaTeX Font Info:    Try loading font information for U+msa on input line 50.

("C:\Program Files\MiKTeX 2.9\tex\latex\amsfonts\umsa.fd"
File: umsa.fd 2013/01/14 v3.01 AMS symbols A
)
LaTeX Font Info:    Try loading font information for U+msb on input line 50.

("C:\Program Files\MiKTeX 2.9\tex\latex\amsfonts\umsb.fd"
File: umsb.fd 2013/01/14 v3.01 AMS symbols B
) [1


{C:/Users/Kaysera/AppData/Local/MiKTeX/2.9/pdftex/config/pdftex.map}]
<kmeans_k2.png, id=9, 770.12718pt x 316.18124pt>
File: kmeans_k2.png Graphic file (type png)
 <use kmeans_k2.png>
Package pdftex.def Info: kmeans_k2.png used on input line 59.
(pdftex.def)             Requested size: 462.07986pt x 189.7102pt.

<kmeans_k3.png, id=10, 686.565pt x 316.18124pt>
File: kmeans_k3.png Graphic file (type png)
 <use kmeans_k3.png>
Package pdftex.def Info: kmeans_k3.png used on input line 61.
(pdftex.def)             Requested size: 411.94218pt x 189.7102pt.

<kmeans_k4.png, id=11, 706.13812pt x 316.18124pt>
File: kmeans_k4.png Graphic file (type png)
 <use kmeans_k4.png>
Package pdftex.def Info: kmeans_k4.png used on input line 63.
(pdftex.def)             Requested size: 423.68614pt x 189.7102pt.

<eigenvalues.png, id=12, 963.6pt x 682.80093pt>
File: eigenvalues.png Graphic file (type png)
 <use eigenvalues.png>
Package pdftex.def Info: eigenvalues.png used on input line 74.
(pdftex.def)             Requested size: 578.16447pt x 409.68372pt.

<symmetric_spectral_clustering.png, id=13, 963.6pt x 682.80093pt>
File: symmetric_spectral_clustering.png Graphic file (type png)

<use symmetric_spectral_clustering.png>
Package pdftex.def Info: symmetric_spectral_clustering.png used on input line 7
8.
(pdftex.def)             Requested size: 674.51541pt x 477.95738pt.

<3dplots.png, id=14, 963.6pt x 682.80093pt>
File: 3dplots.png Graphic file (type png)
 <use 3dplots.png>
Package pdftex.def Info: 3dplots.png used on input line 82.
(pdftex.def)             Requested size: 529.98164pt x 375.54167pt.

<polar_kmeans.png, id=15, 726.46407pt x 525.46312pt>
File: polar_kmeans.png Graphic file (type png)
 <use polar_kmeans.png>
Package pdftex.def Info: polar_kmeans.png used on input line 86.
(pdftex.def)             Requested size: 581.17204pt x 420.37106pt.

Underfull \hbox (badness 10000) in paragraph at lines 58--94

 []


Underfull \hbox (badness 10000) in paragraph at lines 58--94

 []


Underfull \hbox (badness 10000) in paragraph at lines 58--94

 []


Underfull \hbox (badness 10000) in paragraph at lines 58--94

 []


Underfull \hbox (badness 10000) in paragraph at lines 58--94

 []


Underfull \hbox (badness 10000) in paragraph at lines 58--94

 []


Underfull \hbox (badness 10000) in paragraph at lines 58--94

 []


Underfull \hbox (badness 10000) in paragraph at lines 58--94

 []


Underfull \hbox (badness 10000) in paragraph at lines 58--94

 []


Underfull \hbox (badness 10000) in paragraph at lines 58--94

 []


Underfull \hbox (badness 10000) in paragraph at lines 58--94

 []


Underfull \hbox (badness 10000) in paragraph at lines 58--94

 []


Underfull \hbox (badness 10000) in paragraph at lines 58--94

 []


Overfull \hbox (74.55066pt too wide) in paragraph at lines 58--94
| [] 
 []


Underfull \hbox (badness 10000) in paragraph at lines 58--94

 []


Underfull \hbox (badness 10000) in paragraph at lines 58--94

 []


Underfull \hbox (badness 10000) in paragraph at lines 58--94

 []


Overfull \hbox (142.44884pt too wide) in paragraph at lines 58--94
| [] 
 []


Underfull \hbox (badness 10000) in paragraph at lines 58--94

 []


Underfull \hbox (badness 10000) in paragraph at lines 58--94

 []


Underfull \hbox (badness 10000) in paragraph at lines 58--94

 []


Underfull \hbox (badness 10000) in paragraph at lines 58--94

 []


Underfull \hbox (badness 10000) in paragraph at lines 58--94

 []


Underfull \hbox (badness 10000) in paragraph at lines 58--94

 []


Underfull \hbox (badness 10000) in paragraph at lines 58--94

 []


Overfull \hbox (77.55823pt too wide) in paragraph at lines 58--94
| [] 
 []


Underfull \hbox (badness 10000) in paragraph at lines 58--94

 []


Underfull \hbox (badness 10000) in paragraph at lines 58--94

 []


Underfull \hbox (badness 10000) in paragraph at lines 58--94

 []

[2 <./kmeans_k2.png (PNG copy)> <./kmeans_k3.png (PNG copy)>] [3 <./kmeans_k4.p
ng (PNG copy)>] [4 <./eigenvalues.png (PNG copy)>] [5 <./symmetric_spectral_clu
stering.png (PNG copy)>] [6 <./3dplots.png (PNG copy)>] [7 <./polar_kmeans.png 
(PNG copy)>] <purity.png, id=36, 421.575pt x 316.18124pt>
File: purity.png Graphic file (type png)
 <use purity.png>
Package pdftex.def Info: purity.png used on input line 100.
(pdftex.def)             Requested size: 421.57396pt x 316.18047pt.

<google_map.png, id=37, 422.32782pt x 316.18124pt>
File: google_map.png Graphic file (type png)
 <use google_map.png>
Package pdftex.def Info: google_map.png used on input line 104.
(pdftex.def)             Requested size: 422.32678pt x 316.18047pt.

Underfull \hbox (badness 10000) in paragraph at lines 98--111

 []


Underfull \hbox (badness 10000) in paragraph at lines 98--111

 []


Underfull \hbox (badness 10000) in paragraph at lines 98--111

 []


Underfull \hbox (badness 10000) in paragraph at lines 98--111

 []


Underfull \hbox (badness 10000) in paragraph at lines 98--111

 []

[8 <./purity.png (PNG copy)>] [9 <./google_map.png (PNG copy)>] (writeup.aux) )
 
Here is how much of TeX's memory you used:
 4472 strings out of 493673
 63700 string characters out of 3143954
 287457 words of memory out of 3000000
 7766 multiletter control sequences out of 15000+200000
 14063 words of font info for 36 fonts, out of 3000000 for 9000
 1025 hyphenation exceptions out of 8191
 41i,10n,47p,387b,214s stack positions out of 5000i,500n,10000p,200000b,50000s
 <C:\Users\Kaysera\AppData\Local\MiKTeX\2.9\fonts\pk\ljfour\jknappen\ec\dpi600\
eccc1440.pk> <C:\Users\Kaysera\AppData\Local\MiKTeX\2.9\fonts\pk\ljfour\jknappe
n\ec\dpi600\ecrm1095.pk> <C:\Users\Kaysera\AppData\Local\MiKTeX\2.9\fonts\pk\lj
four\jknappen\ec\dpi600\ecrm1440.pk> <C:\Users\Kaysera\AppData\Local\MiKTeX\2.9
\fonts\pk\ljfour\jknappen\ec\dpi600\ecrm2074.pk> <C:\Users\Kaysera\AppData\Loca
l\MiKTeX\2.9\fonts\pk\ljfour\jknappen\ec\dpi600\eccc1095.pk>
Output written on writeup.pdf (9 pages, 432666 bytes).
PDF statistics:
 177 PDF objects out of 1000 (max. 8388607)
 0 named destinations out of 1000 (max. 500000)
 46 words of extra memory for PDF output out of 10000 (max. 10000000)

