This is pdfTeX, Version 3.14159265-2.6-1.40.16 (MiKTeX 2.9 64-bit) (preloaded format=pdflatex 2015.11.9)  14 DEC 2015 17:07
entering extended mode
**report.tex
(report.tex
LaTeX2e <2015/01/01> patch level 2
Babel <3.9m> and hyphenation patterns for 69 languages loaded.
("C:\Program Files\MiKTeX 2.9\tex\latex\base\article.cls"
Document Class: article 2014/09/29 v1.4h Standard LaTeX document class
("C:\Program Files\MiKTeX 2.9\tex\latex\base\size12.clo"
File: size12.clo 2014/09/29 v1.4h Standard LaTeX file (size option)
)
\c@part=\count79
\c@section=\count80
\c@subsection=\count81
\c@subsubsection=\count82
\c@paragraph=\count83
\c@subparagraph=\count84
\c@figure=\count85
\c@table=\count86
\abovecaptionskip=\skip41
\belowcaptionskip=\skip42
\bibindent=\dimen102
)
("C:\Program Files\MiKTeX 2.9\tex\latex\graphics\graphicx.sty"
Package: graphicx 2014/10/28 v1.0g Enhanced LaTeX Graphics (DPC,SPQR)

("C:\Program Files\MiKTeX 2.9\tex\latex\graphics\keyval.sty"
Package: keyval 2014/10/28 v1.15 key=value parser (DPC)
\KV@toks@=\toks14
)
("C:\Program Files\MiKTeX 2.9\tex\latex\graphics\graphics.sty"
Package: graphics 2014/10/28 v1.0p Standard LaTeX Graphics (DPC,SPQR)

("C:\Program Files\MiKTeX 2.9\tex\latex\graphics\trig.sty"
Package: trig 1999/03/16 v1.09 sin cos tan (DPC)
)
("C:\Program Files\MiKTeX 2.9\tex\latex\00miktex\graphics.cfg"
File: graphics.cfg 2007/01/18 v1.5 graphics configuration of teTeX/TeXLive
)
Package graphics Info: Driver file: pdftex.def on input line 94.

("C:\Program Files\MiKTeX 2.9\tex\latex\pdftex-def\pdftex.def"
File: pdftex.def 2011/05/27 v0.06d Graphics/color for pdfTeX

("C:\Program Files\MiKTeX 2.9\tex\generic\oberdiek\infwarerr.sty"
Package: infwarerr 2010/04/08 v1.3 Providing info/warning/error messages (HO)
)
("C:\Program Files\MiKTeX 2.9\tex\generic\oberdiek\ltxcmds.sty"
Package: ltxcmds 2011/11/09 v1.22 LaTeX kernel commands for general use (HO)
)
\Gread@gobject=\count87
))
\Gin@req@height=\dimen103
\Gin@req@width=\dimen104
)
("C:\Program Files\MiKTeX 2.9\tex\latex\oberdiek\epstopdf.sty"
Package: epstopdf 2010/02/09 v2.5 Conversion with epstopdf on the fly (HO)

("C:\Program Files\MiKTeX 2.9\tex\latex\oberdiek\epstopdf-base.sty"
Package: epstopdf-base 2010/02/09 v2.5 Base part for package epstopdf

("C:\Program Files\MiKTeX 2.9\tex\latex\oberdiek\grfext.sty"
Package: grfext 2010/08/19 v1.1 Manage graphics extensions (HO)

("C:\Program Files\MiKTeX 2.9\tex\generic\oberdiek\kvdefinekeys.sty"
Package: kvdefinekeys 2011/04/07 v1.3 Define keys (HO)
))
("C:\Program Files\MiKTeX 2.9\tex\latex\oberdiek\kvoptions.sty"
Package: kvoptions 2011/06/30 v3.11 Key value format for package options (HO)

("C:\Program Files\MiKTeX 2.9\tex\generic\oberdiek\kvsetkeys.sty"
Package: kvsetkeys 2012/04/25 v1.16 Key value parser (HO)

("C:\Program Files\MiKTeX 2.9\tex\generic\oberdiek\etexcmds.sty"
Package: etexcmds 2011/02/16 v1.5 Avoid name clashes with e-TeX commands (HO)

("C:\Program Files\MiKTeX 2.9\tex\generic\oberdiek\ifluatex.sty"
Package: ifluatex 2010/03/01 v1.3 Provides the ifluatex switch (HO)
Package ifluatex Info: LuaTeX not detected.
)
Package etexcmds Info: Could not find \expanded.
(etexcmds)             That can mean that you are not using pdfTeX 1.50 or
(etexcmds)             that some package has redefined \expanded.
(etexcmds)             In the latter case, load this package earlier.
)))
("C:\Program Files\MiKTeX 2.9\tex\generic\oberdiek\pdftexcmds.sty"
Package: pdftexcmds 2011/11/29 v0.20 Utility functions of pdfTeX for LuaTeX (HO
)

("C:\Program Files\MiKTeX 2.9\tex\generic\oberdiek\ifpdf.sty"
Package: ifpdf 2011/01/30 v2.3 Provides the ifpdf switch (HO)
Package ifpdf Info: pdfTeX in PDF mode is detected.
)
Package pdftexcmds Info: LuaTeX not detected.
Package pdftexcmds Info: \pdf@primitive is available.
Package pdftexcmds Info: \pdf@ifprimitive is available.
Package pdftexcmds Info: \pdfdraftmode found.
)
Package grfext Info: Graphics extension search list:
(grfext)             [.png,.pdf,.jpg,.mps,.jpeg,.jbig2,.jb2,.PNG,.PDF,.JPG,.JPE
G,.JBIG2,.JB2,.eps]
(grfext)             \AppendGraphicsExtensions on input line 452.
))
(bu_ece_report.sty (fancyheadings.sty
\headrulewidth=\dimen105
\footrulewidth=\dimen106
\plainheadrulewidth=\dimen107
\plainfootrulewidth=\dimen108
\headwidth=\dimen109
\footruleskip=\dimen110
) (fancybox.sty
Package: fancybox 2000/09/19 1.3

Style option: `fancybox' v1.3 <2000/09/19> (tvz)
\@fancybox=\box26
\shadowsize=\dimen111
\@Sbox=\box27
\do@VerbBox=\toks15
\the@fancyput=\toks16
\this@fancyput=\toks17
\EndVerbatimTokens=\toks18
\Verbatim@Outfile=\write3
\Verbatim@Infile=\read1
) ("C:\Program Files\MiKTeX 2.9\tex\latex\base\ifthen.sty"
Package: ifthen 2014/09/29 v1.1c Standard LaTeX ifthen package (DPC)
)
("C:\Program Files\MiKTeX 2.9\tex\latex\graphics\epsfig.sty"
Package: epsfig 1999/02/16 v1.7a (e)psfig emulation (SPQR)
\epsfxsize=\dimen112
\epsfysize=\dimen113
)) (report.aux)
LaTeX Font Info:    Checking defaults for OML/cmm/m/it on input line 31.
LaTeX Font Info:    ... okay on input line 31.
LaTeX Font Info:    Checking defaults for T1/cmr/m/n on input line 31.
LaTeX Font Info:    ... okay on input line 31.
LaTeX Font Info:    Checking defaults for OT1/cmr/m/n on input line 31.
LaTeX Font Info:    ... okay on input line 31.
LaTeX Font Info:    Checking defaults for OMS/cmsy/m/n on input line 31.
LaTeX Font Info:    ... okay on input line 31.
LaTeX Font Info:    Checking defaults for OMX/cmex/m/n on input line 31.
LaTeX Font Info:    ... okay on input line 31.
LaTeX Font Info:    Checking defaults for U/cmr/m/n on input line 31.
LaTeX Font Info:    ... okay on input line 31.

("C:\Program Files\MiKTeX 2.9\tex\context\base\supp-pdf.mkii"
[Loading MPS to PDF converter (version 2006.09.02).]
\scratchcounter=\count88
\scratchdimen=\dimen114
\scratchbox=\box28
\nofMPsegments=\count89
\nofMParguments=\count90
\everyMPshowfont=\toks19
\MPscratchCnt=\count91
\MPscratchDim=\dimen115
\MPnumerator=\count92
\makeMPintoPDFobject=\count93
\everyMPtoPDFconversion=\toks20
)
Overfull \vbox (3.75964pt too high) detected at line 45
 []


LaTeX Warning: \oval, \circle, or \line size unavailable on input line 45.

[1

{C:/Users/Kaysera/AppData/Local/MiKTeX/2.9/pdftex/config/pdftex.map}]
[2

]
LaTeX Font Info:    External font `cmex10' loaded for size
(Font)              <14.4> on input line 50.
LaTeX Font Info:    External font `cmex10' loaded for size
(Font)              <7> on input line 50.
Package epstopdf Info: Source file: <BUlogo_cmyk.eps>
(epstopdf)                    date: 2015-12-14 10:16:20
(epstopdf)                    size: 399182 bytes
(epstopdf)             Output file: <BUlogo_cmyk-eps-converted-to.pdf>
(epstopdf)                    date: 2015-12-14 16:27:27
(epstopdf)                    size: 20314 bytes
(epstopdf)             Command: <epstopdf --outfile=BUlogo_cmyk-eps-converted-t
o.pdf BUlogo_cmyk.eps>
(epstopdf)             \includegraphics on input line 50.
Package epstopdf Info: Output file is already uptodate.
 <BUlogo_cmyk-eps-converted-to.pdf, id=13, 317.185pt x 142.5325pt>
File: BUlogo_cmyk-eps-converted-to.pdf Graphic file (type pdf)

<use BUlogo_cmyk-eps-converted-to.pdf>
Package pdftex.def Info: BUlogo_cmyk-eps-converted-to.pdf used on input line 50
.
(pdftex.def)             Requested size: 126.63458pt x 56.9055pt.
 [3

 <./BUlogo_cmyk-eps-converted-to.pdf>] [4

] [1

] [2

] (report.toc
LaTeX Font Info:    External font `cmex10' loaded for size
(Font)              <12> on input line 4.
LaTeX Font Info:    External font `cmex10' loaded for size
(Font)              <8> on input line 4.
LaTeX Font Info:    External font `cmex10' loaded for size
(Font)              <6> on input line 4.
)
\tf@toc=\write4
 [3

] [4

] (report.lof)
\tf@lof=\write5
 [5

] [6

] (report.lot)
\tf@lot=\write6
 [7

]
[8

]
Underfull \hbox (badness 10000) in paragraph at lines 91--94

 []


Underfull \hbox (badness 10000) in paragraph at lines 100--105

 []


Underfull \hbox (badness 10000) in paragraph at lines 100--105

 []


Underfull \hbox (badness 10000) in paragraph at lines 107--109

 []


Underfull \hbox (badness 10000) in paragraph at lines 107--109

 []

[1

]
Underfull \hbox (badness 10000) in paragraph at lines 110--112

 []


Underfull \hbox (badness 10000) in paragraph at lines 110--112

 []

<neuron.png, id=55, 536.0025pt x 167.12437pt>
File: neuron.png Graphic file (type png)
 <use neuron.png>
Package pdftex.def Info: neuron.png used on input line 115.
(pdftex.def)             Requested size: 375.19919pt x 116.98625pt.

Underfull \hbox (badness 10000) in paragraph at lines 113--121

 []


Underfull \hbox (badness 10000) in paragraph at lines 113--121

 []


Underfull \hbox (badness 10000) in paragraph at lines 113--121

 []


Underfull \hbox (badness 10000) in paragraph at lines 121--122

 []


Underfull \hbox (badness 10000) in paragraph at lines 121--122

 []

[2 <./neuron.png>]
Underfull \hbox (badness 10000) in paragraph at lines 122--123

 []


Underfull \hbox (badness 10000) in paragraph at lines 122--123

 []


Underfull \hbox (badness 10000) in paragraph at lines 123--126

 []


Underfull \hbox (badness 10000) in paragraph at lines 123--126

 []


Underfull \hbox (badness 10000) in paragraph at lines 123--126

 []

<mlp.jpg, id=61, 531.48563pt x 209.28188pt>
File: mlp.jpg Graphic file (type jpg)
 <use mlp.jpg>
Package pdftex.def Info: mlp.jpg used on input line 130.
(pdftex.def)             Requested size: 478.33264pt x 188.35193pt.

Overfull \hbox (41.8672pt too wide) in paragraph at lines 130--131
[]| [] 
 []


Underfull \hbox (badness 10000) in paragraph at lines 127--138

 []


Underfull \hbox (badness 10000) in paragraph at lines 127--138

 []


Underfull \hbox (badness 10000) in paragraph at lines 127--138

 []


Underfull \hbox (badness 10000) in paragraph at lines 127--138

 []

[3 <./mlp.jpg>]
Underfull \hbox (badness 10000) in paragraph at lines 138--144

 []


Underfull \hbox (badness 10000) in paragraph at lines 138--144

 []


Underfull \hbox (badness 10000) in paragraph at lines 138--144

 []


Underfull \hbox (badness 10000) in paragraph at lines 138--144

 []


Underfull \hbox (badness 10000) in paragraph at lines 144--150

 []


Underfull \hbox (badness 10000) in paragraph at lines 144--150

 []


Underfull \hbox (badness 10000) in paragraph at lines 144--150

 []


Underfull \hbox (badness 10000) in paragraph at lines 144--150

 []

[4]
Underfull \hbox (badness 10000) in paragraph at lines 150--154

 []


Underfull \hbox (badness 10000) in paragraph at lines 150--154

 []


Underfull \hbox (badness 10000) in paragraph at lines 150--154

 []


Underfull \hbox (badness 10000) in paragraph at lines 154--158

 []


Underfull \hbox (badness 10000) in paragraph at lines 154--158

 []


Underfull \hbox (badness 10000) in paragraph at lines 154--158

 []


Underfull \hbox (badness 10000) in paragraph at lines 158--163

 []


Underfull \hbox (badness 10000) in paragraph at lines 158--163

 []


Underfull \hbox (badness 10000) in paragraph at lines 164--168

 []


Underfull \hbox (badness 10000) in paragraph at lines 164--168

 []


Underfull \hbox (badness 10000) in paragraph at lines 164--168

 []

[5] <conv.jpg, id=75, 527.72156pt x 198.7425pt>
File: conv.jpg Graphic file (type jpg)
 <use conv.jpg>
Package pdftex.def Info: conv.jpg used on input line 174.
(pdftex.def)             Requested size: 474.94502pt x 178.86658pt.

Overfull \hbox (38.47958pt too wide) in paragraph at lines 174--175
[]| [] 
 []


Underfull \hbox (badness 10000) in paragraph at lines 168--179

 []


Underfull \hbox (badness 10000) in paragraph at lines 168--179

 []


Underfull \hbox (badness 10000) in paragraph at lines 168--179

 []


Underfull \hbox (badness 10000) in paragraph at lines 168--179

 []

[6 <./conv.jpg>]
Underfull \hbox (badness 10000) in paragraph at lines 182--185

 []

<overall_results.png, id=79, 487.06969pt x 70.76437pt>
File: overall_results.png Graphic file (type png)

<use overall_results.png>
Package pdftex.def Info: overall_results.png used on input line 188.
(pdftex.def)             Requested size: 438.35866pt x 63.68733pt.

Overfull \hbox (1.89322pt too wide) in paragraph at lines 188--189
[]| [] 
 []


Underfull \hbox (badness 10000) in paragraph at lines 186--193

 []


Underfull \hbox (badness 10000) in paragraph at lines 186--193

 []

<num_neurons_for_learning.png, id=81, 421.575pt x 316.18124pt>
File: num_neurons_for_learning.png Graphic file (type png)

<use num_neurons_for_learning.png>
Package pdftex.def Info: num_neurons_for_learning.png used on input line 201.
(pdftex.def)             Requested size: 379.41399pt x 284.56049pt.

Underfull \hbox (badness 10000) in paragraph at lines 194--206

 []


Underfull \hbox (badness 10000) in paragraph at lines 194--206

 []


Underfull \hbox (badness 10000) in paragraph at lines 194--206

 []

[7 <./overall_results.png>]
Underfull \hbox (badness 10000) in paragraph at lines 208--212

 []


Underfull \hbox (badness 10000) in paragraph at lines 208--212

 []


Underfull \hbox (badness 10000) in paragraph at lines 208--212

 []

[8 <./num_neurons_for_learning.png (PNG copy)>] (report.bbl) [9] (report.aux) )
 
Here is how much of TeX's memory you used:
 1907 strings out of 493673
 26153 string characters out of 3143954
 88253 words of memory out of 3000000
 5225 multiletter control sequences out of 15000+200000
 10991 words of font info for 38 fonts, out of 3000000 for 9000
 1025 hyphenation exceptions out of 8191
 42i,11n,28p,1026b,220s stack positions out of 5000i,500n,10000p,200000b,50000s
<C:/Program Files/MiKTeX 2.9/fonts/type1/public/amsfonts/cm/cmbx12.pfb><C:/Prog
ram Files/MiKTeX 2.9/fonts/type1/public/amsfonts/cm/cmex10.pfb><C:/Program File
s/MiKTeX 2.9/fonts/type1/public/amsfonts/cm/cmmi12.pfb><C:/Program Files/MiKTeX
 2.9/fonts/type1/public/amsfonts/cm/cmmi8.pfb><C:/Program Files/MiKTeX 2.9/font
s/type1/public/amsfonts/cm/cmr12.pfb><C:/Program Files/MiKTeX 2.9/fonts/type1/p
ublic/amsfonts/cm/cmr8.pfb><C:/Program Files/MiKTeX 2.9/fonts/type1/public/amsf
onts/cm/cmsl12.pfb><C:/Program Files/MiKTeX 2.9/fonts/type1/public/amsfonts/cm/
cmss12.pfb><C:/Program Files/MiKTeX 2.9/fonts/type1/public/amsfonts/cm/cmssbx10
.pfb><C:/Program Files/MiKTeX 2.9/fonts/type1/public/amsfonts/cm/cmssi12.pfb><C
:/Program Files/MiKTeX 2.9/fonts/type1/public/amsfonts/cm/cmsy10.pfb><C:/Progra
m Files/MiKTeX 2.9/fonts/type1/public/amsfonts/cm/cmsy8.pfb><C:/Program Files/M
iKTeX 2.9/fonts/type1/public/amsfonts/cm/cmti12.pfb><C:/Program Files/MiKTeX 2.
9/fonts/type1/public/amsfonts/cm/cmtt12.pfb><C:/Program Files/MiKTeX 2.9/fonts/
type1/public/amsfonts/latxfont/lcirclew.pfb>
Output written on report.pdf (21 pages, 273455 bytes).
PDF statistics:
 140 PDF objects out of 1000 (max. 8388607)
 0 named destinations out of 1000 (max. 500000)
 31 words of extra memory for PDF output out of 10000 (max. 10000000)

