This is pdfTeX, Version 3.14159265-2.6-1.40.16 (MiKTeX 2.9 64-bit) (preloaded format=pdflatex 2015.11.9)  13 NOV 2015 14:46
entering extended mode
**writeup.tex
(writeup.tex
LaTeX2e <2015/01/01> patch level 2
Babel <3.9m> and hyphenation patterns for 69 languages loaded.
("C:\Program Files\MiKTeX 2.9\tex\latex\koma-script\scrartcl.cls"
Document Class: scrartcl 2015/10/03 v3.19a KOMA-Script document class (article)

("C:\Program Files\MiKTeX 2.9\tex\latex\koma-script\scrkbase.sty"
Package: scrkbase 2015/10/03 v3.19a KOMA-Script package (KOMA-Script-dependent 
basics and keyval usage)

("C:\Program Files\MiKTeX 2.9\tex\latex\koma-script\scrbase.sty"
Package: scrbase 2015/10/03 v3.19a KOMA-Script package (KOMA-Script-independent
 basics and keyval usage)

("C:\Program Files\MiKTeX 2.9\tex\latex\graphics\keyval.sty"
Package: keyval 2014/10/28 v1.15 key=value parser (DPC)
\KV@toks@=\toks14
)
("C:\Program Files\MiKTeX 2.9\tex\latex\koma-script\scrlfile.sty"
Package: scrlfile 2015/10/03 v3.19a KOMA-Script package (loading files)

Package scrlfile, 2015/10/03 v3.19a KOMA-Script package (loading files)
                  Copyright (C) Markus Kohm

))) ("C:\Program Files\MiKTeX 2.9\tex\latex\koma-script\tocbasic.sty"
Package: tocbasic 2015/10/03 v3.19a KOMA-Script package (handling toc-files)
)
Package tocbasic Info: omitting babel extension for `toc'
(tocbasic)             because of feature `nobabel' available
(tocbasic)             for `toc' on input line 123.
Package tocbasic Info: omitting babel extension for `lof'
(tocbasic)             because of feature `nobabel' available
(tocbasic)             for `lof' on input line 124.
Package tocbasic Info: omitting babel extension for `lot'
(tocbasic)             because of feature `nobabel' available
(tocbasic)             for `lot' on input line 125.
Class scrartcl Info: File `scrsize11pt.clo' used to setup font sizes on input l
ine 2033.

("C:\Program Files\MiKTeX 2.9\tex\latex\koma-script\scrsize11pt.clo"
File: scrsize11pt.clo 2015/10/03 v3.19a KOMA-Script font size class option (11p
t)
)
("C:\Program Files\MiKTeX 2.9\tex\latex\koma-script\typearea.sty"
Package: typearea 2015/10/03 v3.19a KOMA-Script package (type area)

Package typearea, 2015/10/03 v3.19a KOMA-Script package (type area)
                  Copyright (C) Frank Neukam, 1992-1994
                  Copyright (C) Markus Kohm, 1994-

\ta@bcor=\skip41
\ta@div=\count79
\ta@hblk=\skip42
\ta@vblk=\skip43
\ta@temp=\skip44
\footheight=\skip45
Package typearea Info: These are the values describing the layout:
(typearea)             DIV  = 10
(typearea)             BCOR = 0.0pt
(typearea)             \paperwidth      = 597.50793pt
(typearea)              \textwidth      = 418.25555pt
(typearea)              DIV departure   = -6%
(typearea)              \evensidemargin = 17.3562pt
(typearea)              \oddsidemargin  = 17.3562pt
(typearea)             \paperheight     = 845.04694pt
(typearea)              \textheight     = 595.80026pt
(typearea)              \topmargin      = -25.16531pt
(typearea)              \headheight     = 17.0pt
(typearea)              \headsep        = 20.40001pt
(typearea)              \topskip        = 11.0pt
(typearea)              \footskip       = 47.6pt
(typearea)              \baselineskip   = 13.6pt
(typearea)              on input line 1509.
)
\c@part=\count80
\c@section=\count81
\c@subsection=\count82
\c@subsubsection=\count83
\c@paragraph=\count84
\c@subparagraph=\count85
LaTeX Info: Redefining \textsubscript on input line 3906.
\abovecaptionskip=\skip46
\belowcaptionskip=\skip47
\c@pti@nb@sid@b@x=\box26
\c@figure=\count86
\c@table=\count87
\bibindent=\dimen102
) ("C:\Program Files\MiKTeX 2.9\tex\latex\base\fontenc.sty"
Package: fontenc 2005/09/27 v1.99g Standard LaTeX package

("C:\Program Files\MiKTeX 2.9\tex\latex\base\t1enc.def"
File: t1enc.def 2005/09/27 v1.99g Standard LaTeX file
LaTeX Font Info:    Redeclaring font encoding T1 on input line 48.
))
("C:\Program Files\MiKTeX 2.9\tex\generic\babel\babel.sty"
Package: babel 2015/08/03 3.9m The Babel package

*************************************
* Local config file bblopts.cfg used
*
("C:\Program Files\MiKTeX 2.9\tex\latex\00miktex\bblopts.cfg"
File: bblopts.cfg 2006/07/31 v1.0 MiKTeX 'babel' configuration
)
("C:\Program Files\MiKTeX 2.9\tex\latex\babel-english\english.ldf"
Language: english 2012/08/20 v3.3p English support from the babel system

("C:\Program Files\MiKTeX 2.9\tex\generic\babel\babel.def"
File: babel.def 2015/08/03 3.9m Babel common definitions
\babel@savecnt=\count88
\U@D=\dimen103
)
\l@canadian = a dialect from \language\l@american 
\l@australian = a dialect from \language\l@british 
\l@newzealand = a dialect from \language\l@british 
))
("C:\Program Files\MiKTeX 2.9\tex\latex\amsmath\amsmath.sty"
Package: amsmath 2013/01/14 v2.14 AMS math features
\@mathmargin=\skip48

For additional information on amsmath, use the `?' option.
("C:\Program Files\MiKTeX 2.9\tex\latex\amsmath\amstext.sty"
Package: amstext 2000/06/29 v2.01

("C:\Program Files\MiKTeX 2.9\tex\latex\amsmath\amsgen.sty"
File: amsgen.sty 1999/11/30 v2.0
\@emptytoks=\toks15
\ex@=\dimen104
))
("C:\Program Files\MiKTeX 2.9\tex\latex\amsmath\amsbsy.sty"
Package: amsbsy 1999/11/29 v1.2d
\pmbraise@=\dimen105
)
("C:\Program Files\MiKTeX 2.9\tex\latex\amsmath\amsopn.sty"
Package: amsopn 1999/12/14 v2.01 operator names
)
\inf@bad=\count89
LaTeX Info: Redefining \frac on input line 210.
\uproot@=\count90
\leftroot@=\count91
LaTeX Info: Redefining \overline on input line 306.
\classnum@=\count92
\DOTSCASE@=\count93
LaTeX Info: Redefining \ldots on input line 378.
LaTeX Info: Redefining \dots on input line 381.
LaTeX Info: Redefining \cdots on input line 466.
\Mathstrutbox@=\box27
\strutbox@=\box28
\big@size=\dimen106
LaTeX Font Info:    Redeclaring font encoding OML on input line 566.
LaTeX Font Info:    Redeclaring font encoding OMS on input line 567.
\macc@depth=\count94
\c@MaxMatrixCols=\count95
\dotsspace@=\muskip10
\c@parentequation=\count96
\dspbrk@lvl=\count97
\tag@help=\toks16
\row@=\count98
\column@=\count99
\maxfields@=\count100
\andhelp@=\toks17
\eqnshift@=\dimen107
\alignsep@=\dimen108
\tagshift@=\dimen109
\tagwidth@=\dimen110
\totwidth@=\dimen111
\lineht@=\dimen112
\@envbody=\toks18
\multlinegap=\skip49
\multlinetaggap=\skip50
\mathdisplay@stack=\toks19
LaTeX Info: Redefining \[ on input line 2665.
LaTeX Info: Redefining \] on input line 2666.
)
("C:\Program Files\MiKTeX 2.9\tex\latex\amsfonts\amsfonts.sty"
Package: amsfonts 2013/01/14 v3.01 Basic AMSFonts support
\symAMSa=\mathgroup4
\symAMSb=\mathgroup5
LaTeX Font Info:    Overwriting math alphabet `\mathfrak' in version `bold'
(Font)                  U/euf/m/n --> U/euf/b/n on input line 106.
)
("C:\Program Files\MiKTeX 2.9\tex\latex\amscls\amsthm.sty"
Package: amsthm 2015/03/04 v2.20.2
\thm@style=\toks20
\thm@bodyfont=\toks21
\thm@headfont=\toks22
\thm@notefont=\toks23
\thm@headpunct=\toks24
\thm@preskip=\skip51
\thm@postskip=\skip52
\thm@headsep=\skip53
\dth@everypar=\toks25
)
("C:\Program Files\MiKTeX 2.9\tex\latex\graphics\graphicx.sty"
Package: graphicx 2014/10/28 v1.0g Enhanced LaTeX Graphics (DPC,SPQR)

("C:\Program Files\MiKTeX 2.9\tex\latex\graphics\graphics.sty"
Package: graphics 2014/10/28 v1.0p Standard LaTeX Graphics (DPC,SPQR)

("C:\Program Files\MiKTeX 2.9\tex\latex\graphics\trig.sty"
Package: trig 1999/03/16 v1.09 sin cos tan (DPC)
)
("C:\Program Files\MiKTeX 2.9\tex\latex\00miktex\graphics.cfg"
File: graphics.cfg 2007/01/18 v1.5 graphics configuration of teTeX/TeXLive
)
Package graphics Info: Driver file: pdftex.def on input line 94.

("C:\Program Files\MiKTeX 2.9\tex\latex\pdftex-def\pdftex.def"
File: pdftex.def 2011/05/27 v0.06d Graphics/color for pdfTeX

("C:\Program Files\MiKTeX 2.9\tex\generic\oberdiek\infwarerr.sty"
Package: infwarerr 2010/04/08 v1.3 Providing info/warning/error messages (HO)
)
("C:\Program Files\MiKTeX 2.9\tex\generic\oberdiek\ltxcmds.sty"
Package: ltxcmds 2011/11/09 v1.22 LaTeX kernel commands for general use (HO)
)
\Gread@gobject=\count101
))
\Gin@req@height=\dimen113
\Gin@req@width=\dimen114
)
("C:\Program Files\MiKTeX 2.9\tex\latex\lipsum\lipsum.sty"
Package: lipsum 2014/07/27 v1.3 150 paragraphs of Lorem Ipsum dummy text
\c@lips@count=\count102
)
("C:\Program Files\MiKTeX 2.9\tex\latex\sectsty\sectsty.sty"
Package: sectsty 2002/02/25 v2.0.2 Commands to change all sectional heading sty
les
)

Class scrartcl Warning: Usage of package `fancyhdr' together
(scrartcl)              with a KOMA-Script class is not recommended.
(scrartcl)              I'd suggest to use 
(scrartcl)              package `scrlayer-scrpage'.
(scrartcl)              Nevertheless, using requested
(scrartcl)              package `fancyhdr' on input line 14.

("C:\Program Files\MiKTeX 2.9\tex\latex\fancyhdr\fancyhdr.sty"
\fancy@headwidth=\skip54
\f@ncyO@elh=\skip55
\f@ncyO@erh=\skip56
\f@ncyO@olh=\skip57
\f@ncyO@orh=\skip58
\f@ncyO@elf=\skip59
\f@ncyO@erf=\skip60
\f@ncyO@olf=\skip61
\f@ncyO@orf=\skip62
) (writeup.aux)
LaTeX Font Info:    Checking defaults for OML/cmm/m/it on input line 47.
LaTeX Font Info:    ... okay on input line 47.
LaTeX Font Info:    Checking defaults for T1/cmr/m/n on input line 47.
LaTeX Font Info:    ... okay on input line 47.
LaTeX Font Info:    Checking defaults for OT1/cmr/m/n on input line 47.
LaTeX Font Info:    ... okay on input line 47.
LaTeX Font Info:    Checking defaults for OMS/cmsy/m/n on input line 47.
LaTeX Font Info:    ... okay on input line 47.
LaTeX Font Info:    Checking defaults for OMX/cmex/m/n on input line 47.
LaTeX Font Info:    ... okay on input line 47.
LaTeX Font Info:    Checking defaults for U/cmr/m/n on input line 47.
LaTeX Font Info:    ... okay on input line 47.

("C:\Program Files\MiKTeX 2.9\tex\context\base\supp-pdf.mkii"
[Loading MPS to PDF converter (version 2006.09.02).]
\scratchcounter=\count103
\scratchdimen=\dimen115
\scratchbox=\box29
\nofMPsegments=\count104
\nofMParguments=\count105
\everyMPshowfont=\toks26
\MPscratchCnt=\count106
\MPscratchDim=\dimen116
\MPnumerator=\count107
\makeMPintoPDFobject=\count108
\everyMPtoPDFconversion=\toks27
)
LaTeX Font Info:    Try loading font information for T1+cmss on input line 50.
 ("C:\Program Files\MiKTeX 2.9\tex\latex\base\t1cmss.fd"
File: t1cmss.fd 2014/09/29 v2.5h Standard LaTeX font definitions
)
LaTeX Font Info:    Try loading font information for U+msa on input line 50.

("C:\Program Files\MiKTeX 2.9\tex\latex\amsfonts\umsa.fd"
File: umsa.fd 2013/01/14 v3.01 AMS symbols A
)
LaTeX Font Info:    Try loading font information for U+msb on input line 50.

("C:\Program Files\MiKTeX 2.9\tex\latex\amsfonts\umsb.fd"
File: umsb.fd 2013/01/14 v3.01 AMS symbols B
) [1


{C:/Users/Kaysera/AppData/Local/MiKTeX/2.9/pdftex/config/pdftex.map}]
<tree_diagram.png, id=9, 872.50969pt x 316.18124pt>
File: tree_diagram.png Graphic file (type png)
 <use tree_diagram.png>
Package pdftex.def Info: tree_diagram.png used on input line 60.
(pdftex.def)             Requested size: 610.75262pt x 221.32535pt.

<mae_for_different_observations.png, id=10, 421.575pt x 316.18124pt>
File: mae_for_different_observations.png Graphic file (type png)

<use mae_for_different_observations.png>
Package pdftex.def Info: mae_for_different_observations.png used on input line 
70.
(pdftex.def)             Requested size: 421.57396pt x 316.18047pt.

Underfull \hbox (badness 10000) in paragraph at lines 58--73

 []


Overfull \hbox (107.13881pt too wide) in paragraph at lines 58--73
| [] 
 []


Underfull \hbox (badness 10000) in paragraph at lines 58--73

 []


Underfull \hbox (badness 10000) in paragraph at lines 58--73

 []


Underfull \hbox (badness 10000) in paragraph at lines 58--73

 []


Underfull \hbox (badness 10000) in paragraph at lines 58--73

 []


Underfull \hbox (badness 10000) in paragraph at lines 58--73

 []


Overfull \hbox (3.3184pt too wide) in paragraph at lines 58--73
[] 
 []


Underfull \hbox (badness 10000) in paragraph at lines 58--73

 []

[2 <./tree_diagram.png (PNG copy)>] [3 <./mae_for_different_observations.png (P
NG copy)>] <all_methods_graph.png, id=20, 892.83563pt x 659.46375pt>
File: all_methods_graph.png Graphic file (type png)

<use all_methods_graph.png>
Package pdftex.def Info: all_methods_graph.png used on input line 89.
(pdftex.def)             Requested size: 624.98068pt x 461.62148pt.

Underfull \hbox (badness 10000) in paragraph at lines 75--92

 []


Underfull \hbox (badness 10000) in paragraph at lines 75--92

 []


Underfull \hbox (badness 10000) in paragraph at lines 75--92

 []


Underfull \hbox (badness 10000) in paragraph at lines 75--92

 []


Underfull \hbox (badness 10000) in paragraph at lines 75--92

 []


Underfull \hbox (badness 10000) in paragraph at lines 75--92

 []


Overfull \hbox (121.36687pt too wide) in paragraph at lines 75--92
| [] 
 []


Underfull \hbox (badness 10000) in paragraph at lines 75--92

 []

[4] [5 <./all_methods_graph.png (PNG copy)>]
<4_order_polynomials.png, id=28, 735.49782pt x 572.89032pt>
File: 4_order_polynomials.png Graphic file (type png)

<use 4_order_polynomials.png>
Package pdftex.def Info: 4_order_polynomials.png used on input line 98.
(pdftex.def)             Requested size: 588.39906pt x 458.31287pt.
 <MSE_rates.png, id=29, 421.575pt x 316.18124pt>
File: MSE_rates.png Graphic file (type png)

<use MSE_rates.png>
Package pdftex.def Info: MSE_rates.png used on input line 104.
(pdftex.def)             Requested size: 421.57396pt x 316.18047pt.
 <OLS_vs_ridge.png, id=30, 421.575pt x 316.18124pt>
File: OLS_vs_ridge.png Graphic file (type png)

<use OLS_vs_ridge.png>
Package pdftex.def Info: OLS_vs_ridge.png used on input line 110.
(pdftex.def)             Requested size: 421.57396pt x 316.18047pt.

Underfull \hbox (badness 10000) in paragraph at lines 96--113

 []


Overfull \hbox (84.78525pt too wide) in paragraph at lines 96--113
| [] 
 []


Underfull \hbox (badness 10000) in paragraph at lines 96--113

 []


Underfull \hbox (badness 10000) in paragraph at lines 96--113

 []


Underfull \hbox (badness 10000) in paragraph at lines 96--113

 []


Overfull \hbox (3.3184pt too wide) in paragraph at lines 96--113
[] 
 []


Underfull \hbox (badness 10000) in paragraph at lines 96--113

 []


Underfull \hbox (badness 10000) in paragraph at lines 96--113

 []


Underfull \hbox (badness 10000) in paragraph at lines 96--113

 []


Overfull \hbox (3.3184pt too wide) in paragraph at lines 96--113
[] 
 []


Underfull \hbox (badness 10000) in paragraph at lines 96--113

 []

[6 <./4_order_polynomials.png (PNG copy)>] [7 <./MSE_rates.png (PNG copy)>]
[8 <./OLS_vs_ridge.png (PNG copy)>]
<coeff_vs_lambda.png, id=41, 675.27281pt x 488.57532pt>
File: coeff_vs_lambda.png Graphic file (type png)

<use coeff_vs_lambda.png>
Package pdftex.def Info: coeff_vs_lambda.png used on input line 117.
(pdftex.def)             Requested size: 540.21898pt x 390.86078pt.
 <MSE_vs_lambda.png, id=42, 421.575pt x 316.18124pt>
File: MSE_vs_lambda.png Graphic file (type png)

<use MSE_vs_lambda.png>
Package pdftex.def Info: MSE_vs_lambda.png used on input line 121.
(pdftex.def)             Requested size: 421.57396pt x 316.18047pt.

Underfull \hbox (badness 10000) in paragraph at lines 115--126

 []


Overfull \hbox (36.60516pt too wide) in paragraph at lines 115--126
| [] 
 []


Underfull \hbox (badness 10000) in paragraph at lines 115--126

 []


Underfull \hbox (badness 10000) in paragraph at lines 115--126

 []


Overfull \hbox (3.3184pt too wide) in paragraph at lines 115--126
[] 
 []


Underfull \hbox (badness 10000) in paragraph at lines 115--126

 []


Underfull \hbox (badness 10000) in paragraph at lines 115--126

 []


Underfull \hbox (badness 10000) in paragraph at lines 115--126

 []

[9 <./coeff_vs_lambda.png (PNG copy)>] [10 <./MSE_vs_lambda.png (PNG copy)>]
(writeup.aux) ) 
Here is how much of TeX's memory you used:
 4491 strings out of 493673
 64057 string characters out of 3143954
 287457 words of memory out of 3000000
 7779 multiletter control sequences out of 15000+200000
 18411 words of font info for 53 fonts, out of 3000000 for 9000
 1025 hyphenation exceptions out of 8191
 41i,10n,47p,678b,214s stack positions out of 5000i,500n,10000p,200000b,50000s
 <C:\Users\Kaysera\AppData\Local\MiKTeX\2.9\fonts\pk\ljfour\jkna
ppen\ec\dpi600\eccc1440.pk> <C:\Users\Kaysera\AppData\Local\MiKTeX\2.9\fonts\pk
\ljfour\jknappen\ec\dpi600\ecrm1095.pk> <C:\Users\Kaysera\AppData\Local\MiKTeX\
2.9\fonts\pk\ljfour\jknappen\ec\dpi600\ecrm1440.pk> <C:\Users\Kaysera\AppData\L
ocal\MiKTeX\2.9\fonts\pk\ljfour\jknappen\ec\dpi600\ecrm2074.pk> <C:\Users\Kayse
ra\AppData\Local\MiKTeX\2.9\fonts\pk\ljfour\jknappen\ec\dpi600\eccc1095.pk><C:/
Program Files/MiKTeX 2.9/fonts/type1/public/amsfonts/cm/cmmi10.pfb><C:/Program 
Files/MiKTeX 2.9/fonts/type1/public/amsfonts/cm/cmmi8.pfb><C:/Program Files/MiK
TeX 2.9/fonts/type1/public/amsfonts/cm/cmr10.pfb>
Output written on writeup.pdf (10 pages, 173902 bytes).
PDF statistics:
 208 PDF objects out of 1000 (max. 8388607)
 0 named destinations out of 1000 (max. 500000)
 41 words of extra memory for PDF output out of 10000 (max. 10000000)

