This is pdfTeX, Version 3.14159265-2.6-1.40.16 (MiKTeX 2.9) (preloaded format=pdflatex 2015.9.13)  3 NOV 2015 11:17
entering extended mode
**answers.tex
(answers.tex
LaTeX2e <2015/01/01> patch level 2
Babel <3.9m> and hyphenation patterns for 69 languages loaded.
(D:\Programs\MikTeX\tex\latex\koma-script\scrartcl.cls
Document Class: scrartcl 2015/10/03 v3.19a KOMA-Script document class (article)

(D:\Programs\MikTeX\tex\latex\koma-script\scrkbase.sty
Package: scrkbase 2015/10/03 v3.19a KOMA-Script package (KOMA-Script-dependent 
basics and keyval usage)

(D:\Programs\MikTeX\tex\latex\koma-script\scrbase.sty
Package: scrbase 2015/10/03 v3.19a KOMA-Script package (KOMA-Script-independent
 basics and keyval usage)

(D:\Programs\MikTeX\tex\latex\graphics\keyval.sty
Package: keyval 2014/10/28 v1.15 key=value parser (DPC)
\KV@toks@=\toks14
)
(D:\Programs\MikTeX\tex\latex\koma-script\scrlfile.sty
Package: scrlfile 2015/10/03 v3.19a KOMA-Script package (loading files)

Package scrlfile, 2015/10/03 v3.19a KOMA-Script package (loading files)
                  Copyright (C) Markus Kohm

))) (D:\Programs\MikTeX\tex\latex\koma-script\tocbasic.sty
Package: tocbasic 2015/10/03 v3.19a KOMA-Script package (handling toc-files)
)
Package tocbasic Info: omitting babel extension for `toc'
(tocbasic)             because of feature `nobabel' available
(tocbasic)             for `toc' on input line 123.
Package tocbasic Info: omitting babel extension for `lof'
(tocbasic)             because of feature `nobabel' available
(tocbasic)             for `lof' on input line 124.
Package tocbasic Info: omitting babel extension for `lot'
(tocbasic)             because of feature `nobabel' available
(tocbasic)             for `lot' on input line 125.
Class scrartcl Info: File `scrsize11pt.clo' used to setup font sizes on input l
ine 2033.

(D:\Programs\MikTeX\tex\latex\koma-script\scrsize11pt.clo
File: scrsize11pt.clo 2015/10/03 v3.19a KOMA-Script font size class option (11p
t)
)
(D:\Programs\MikTeX\tex\latex\koma-script\typearea.sty
Package: typearea 2015/10/03 v3.19a KOMA-Script package (type area)

Package typearea, 2015/10/03 v3.19a KOMA-Script package (type area)
                  Copyright (C) Frank Neukam, 1992-1994
                  Copyright (C) Markus Kohm, 1994-

\ta@bcor=\skip41
\ta@div=\count79
\ta@hblk=\skip42
\ta@vblk=\skip43
\ta@temp=\skip44
\footheight=\skip45
Package typearea Info: These are the values describing the layout:
(typearea)             DIV  = 10
(typearea)             BCOR = 0.0pt
(typearea)             \paperwidth      = 597.50793pt
(typearea)              \textwidth      = 418.25555pt
(typearea)              DIV departure   = -6%
(typearea)              \evensidemargin = 17.3562pt
(typearea)              \oddsidemargin  = 17.3562pt
(typearea)             \paperheight     = 845.04694pt
(typearea)              \textheight     = 595.80026pt
(typearea)              \topmargin      = -25.16531pt
(typearea)              \headheight     = 17.0pt
(typearea)              \headsep        = 20.40001pt
(typearea)              \topskip        = 11.0pt
(typearea)              \footskip       = 47.6pt
(typearea)              \baselineskip   = 13.6pt
(typearea)              on input line 1509.
)
\c@part=\count80
\c@section=\count81
\c@subsection=\count82
\c@subsubsection=\count83
\c@paragraph=\count84
\c@subparagraph=\count85
LaTeX Info: Redefining \textsubscript on input line 3906.
\abovecaptionskip=\skip46
\belowcaptionskip=\skip47
\c@pti@nb@sid@b@x=\box26
\c@figure=\count86
\c@table=\count87
\bibindent=\dimen102
) (D:\Programs\MikTeX\tex\latex\base\fontenc.sty
Package: fontenc 2005/09/27 v1.99g Standard LaTeX package

(D:\Programs\MikTeX\tex\latex\base\t1enc.def
File: t1enc.def 2005/09/27 v1.99g Standard LaTeX file
LaTeX Font Info:    Redeclaring font encoding T1 on input line 48.
))
(D:\Programs\MikTeX\tex\generic\babel\babel.sty
Package: babel 2015/08/03 3.9m The Babel package

*************************************
* Local config file bblopts.cfg used
*
(D:\Programs\MikTeX\tex\latex\00miktex\bblopts.cfg
File: bblopts.cfg 2006/07/31 v1.0 MiKTeX 'babel' configuration
)
(D:\Programs\MikTeX\tex\latex\babel-english\english.ldf
Language: english 2012/08/20 v3.3p English support from the babel system

(D:\Programs\MikTeX\tex\generic\babel\babel.def
File: babel.def 2015/08/03 3.9m Babel common definitions
\babel@savecnt=\count88
\U@D=\dimen103
)
\l@canadian = a dialect from \language\l@american 
\l@australian = a dialect from \language\l@british 
\l@newzealand = a dialect from \language\l@british 
))
(D:\Programs\MikTeX\tex\latex\amsmath\amsmath.sty
Package: amsmath 2013/01/14 v2.14 AMS math features
\@mathmargin=\skip48

For additional information on amsmath, use the `?' option.
(D:\Programs\MikTeX\tex\latex\amsmath\amstext.sty
Package: amstext 2000/06/29 v2.01

(D:\Programs\MikTeX\tex\latex\amsmath\amsgen.sty
File: amsgen.sty 1999/11/30 v2.0
\@emptytoks=\toks15
\ex@=\dimen104
))
(D:\Programs\MikTeX\tex\latex\amsmath\amsbsy.sty
Package: amsbsy 1999/11/29 v1.2d
\pmbraise@=\dimen105
)
(D:\Programs\MikTeX\tex\latex\amsmath\amsopn.sty
Package: amsopn 1999/12/14 v2.01 operator names
)
\inf@bad=\count89
LaTeX Info: Redefining \frac on input line 210.
\uproot@=\count90
\leftroot@=\count91
LaTeX Info: Redefining \overline on input line 306.
\classnum@=\count92
\DOTSCASE@=\count93
LaTeX Info: Redefining \ldots on input line 378.
LaTeX Info: Redefining \dots on input line 381.
LaTeX Info: Redefining \cdots on input line 466.
\Mathstrutbox@=\box27
\strutbox@=\box28
\big@size=\dimen106
LaTeX Font Info:    Redeclaring font encoding OML on input line 566.
LaTeX Font Info:    Redeclaring font encoding OMS on input line 567.
\macc@depth=\count94
\c@MaxMatrixCols=\count95
\dotsspace@=\muskip10
\c@parentequation=\count96
\dspbrk@lvl=\count97
\tag@help=\toks16
\row@=\count98
\column@=\count99
\maxfields@=\count100
\andhelp@=\toks17
\eqnshift@=\dimen107
\alignsep@=\dimen108
\tagshift@=\dimen109
\tagwidth@=\dimen110
\totwidth@=\dimen111
\lineht@=\dimen112
\@envbody=\toks18
\multlinegap=\skip49
\multlinetaggap=\skip50
\mathdisplay@stack=\toks19
LaTeX Info: Redefining \[ on input line 2665.
LaTeX Info: Redefining \] on input line 2666.
)
(D:\Programs\MikTeX\tex\latex\amsfonts\amsfonts.sty
Package: amsfonts 2013/01/14 v3.01 Basic AMSFonts support
\symAMSa=\mathgroup4
\symAMSb=\mathgroup5
LaTeX Font Info:    Overwriting math alphabet `\mathfrak' in version `bold'
(Font)                  U/euf/m/n --> U/euf/b/n on input line 106.
)
(D:\Programs\MikTeX\tex\latex\amscls\amsthm.sty
Package: amsthm 2015/03/04 v2.20.2
\thm@style=\toks20
\thm@bodyfont=\toks21
\thm@headfont=\toks22
\thm@notefont=\toks23
\thm@headpunct=\toks24
\thm@preskip=\skip51
\thm@postskip=\skip52
\thm@headsep=\skip53
\dth@everypar=\toks25
)
(D:\Programs\MikTeX\tex\latex\graphics\graphicx.sty
Package: graphicx 2014/10/28 v1.0g Enhanced LaTeX Graphics (DPC,SPQR)

(D:\Programs\MikTeX\tex\latex\graphics\graphics.sty
Package: graphics 2014/10/28 v1.0p Standard LaTeX Graphics (DPC,SPQR)

(D:\Programs\MikTeX\tex\latex\graphics\trig.sty
Package: trig 1999/03/16 v1.09 sin cos tan (DPC)
)
(D:\Programs\MikTeX\tex\latex\00miktex\graphics.cfg
File: graphics.cfg 2007/01/18 v1.5 graphics configuration of teTeX/TeXLive
)
Package graphics Info: Driver file: pdftex.def on input line 94.

(D:\Programs\MikTeX\tex\latex\pdftex-def\pdftex.def
File: pdftex.def 2011/05/27 v0.06d Graphics/color for pdfTeX

(D:\Programs\MikTeX\tex\generic\oberdiek\infwarerr.sty
Package: infwarerr 2010/04/08 v1.3 Providing info/warning/error messages (HO)
)
(D:\Programs\MikTeX\tex\generic\oberdiek\ltxcmds.sty
Package: ltxcmds 2011/11/09 v1.22 LaTeX kernel commands for general use (HO)
)
\Gread@gobject=\count101
))
\Gin@req@height=\dimen113
\Gin@req@width=\dimen114
)
(D:\Programs\MikTeX\tex\latex\lipsum\lipsum.sty
Package: lipsum 2014/07/27 v1.3 150 paragraphs of Lorem Ipsum dummy text
\c@lips@count=\count102
)
(D:\Programs\MikTeX\tex\latex\sectsty\sectsty.sty
Package: sectsty 2002/02/25 v2.0.2 Commands to change all sectional heading sty
les
)

Class scrartcl Warning: Usage of package `fancyhdr' together
(scrartcl)              with a KOMA-Script class is not recommended.
(scrartcl)              I'd suggest to use 
(scrartcl)              package `scrlayer-scrpage'.
(scrartcl)              Nevertheless, using requested
(scrartcl)              package `fancyhdr' on input line 14.

(D:\Programs\MikTeX\tex\latex\fancyhdr\fancyhdr.sty
\fancy@headwidth=\skip54
\f@ncyO@elh=\skip55
\f@ncyO@erh=\skip56
\f@ncyO@olh=\skip57
\f@ncyO@orh=\skip58
\f@ncyO@elf=\skip59
\f@ncyO@erf=\skip60
\f@ncyO@olf=\skip61
\f@ncyO@orf=\skip62
) (answers.aux)
LaTeX Font Info:    Checking defaults for OML/cmm/m/it on input line 47.
LaTeX Font Info:    ... okay on input line 47.
LaTeX Font Info:    Checking defaults for T1/cmr/m/n on input line 47.
LaTeX Font Info:    ... okay on input line 47.
LaTeX Font Info:    Checking defaults for OT1/cmr/m/n on input line 47.
LaTeX Font Info:    ... okay on input line 47.
LaTeX Font Info:    Checking defaults for OMS/cmsy/m/n on input line 47.
LaTeX Font Info:    ... okay on input line 47.
LaTeX Font Info:    Checking defaults for OMX/cmex/m/n on input line 47.
LaTeX Font Info:    ... okay on input line 47.
LaTeX Font Info:    Checking defaults for U/cmr/m/n on input line 47.
LaTeX Font Info:    ... okay on input line 47.

(D:\Programs\MikTeX\tex\context\base\supp-pdf.mkii
[Loading MPS to PDF converter (version 2006.09.02).]
\scratchcounter=\count103
\scratchdimen=\dimen115
\scratchbox=\box29
\nofMPsegments=\count104
\nofMParguments=\count105
\everyMPshowfont=\toks26
\MPscratchCnt=\count106
\MPscratchDim=\dimen116
\MPnumerator=\count107
\makeMPintoPDFobject=\count108
\everyMPtoPDFconversion=\toks27
)
LaTeX Font Info:    Try loading font information for T1+cmss on input line 50.
 (D:\Programs\MikTeX\tex\latex\base\t1cmss.fd
File: t1cmss.fd 2014/09/29 v2.5h Standard LaTeX font definitions
)
LaTeX Font Info:    Try loading font information for U+msa on input line 50.

(D:\Programs\MikTeX\tex\latex\amsfonts\umsa.fd
File: umsa.fd 2013/01/14 v3.01 AMS symbols A
)
LaTeX Font Info:    Try loading font information for U+msb on input line 50.

(D:\Programs\MikTeX\tex\latex\amsfonts\umsb.fd
File: umsb.fd 2013/01/14 v3.01 AMS symbols B
) [1


{C:/Users/mikha_000/AppData/Local/MiKTeX/2.9/pdftex/config/pdftex.map}]
<histogram_hours.png, id=9, 941.01563pt x 301.125pt>
File: histogram_hours.png Graphic file (type png)
 <use histogram_hours.png>
Package pdftex.def Info: histogram_hours.png used on input line 62.
(pdftex.def)             Requested size: 658.70645pt x 210.78606pt.

<histogram_days.png, id=10, 677.53125pt x 301.125pt>
File: histogram_days.png Graphic file (type png)
 <use histogram_days.png>
Package pdftex.def Info: histogram_days.png used on input line 66.
(pdftex.def)             Requested size: 474.26863pt x 210.78606pt.

<histogram_district.png, id=11, 865.73438pt x 301.125pt>
File: histogram_district.png Graphic file (type png)

<use histogram_district.png>
Package pdftex.def Info: histogram_district.png used on input line 70.
(pdftex.def)             Requested size: 606.00993pt x 210.78606pt.

<crimes_hours.png, id=12, 266.49562pt x 235.63031pt>
File: crimes_hours.png Graphic file (type png)
 <use crimes_hours.png>
Package pdftex.def Info: crimes_hours.png used on input line 75.
(pdftex.def)             Requested size: 266.49496pt x 235.62973pt.

<crimes_hours_2.png, id=14, 261.22594pt x 395.22656pt>
File: crimes_hours_2.png Graphic file (type png)

<use crimes_hours_2.png>
Package pdftex.def Info: crimes_hours_2.png used on input line 77.
(pdftex.def)             Requested size: 261.22528pt x 395.22559pt.

Overfull \hbox (126.63988pt too wide) in paragraph at lines 62--92
| [] 
 []


Underfull \hbox (badness 10000) in paragraph at lines 62--92

 []


Underfull \hbox (badness 10000) in paragraph at lines 62--92

 []


Underfull \hbox (badness 10000) in paragraph at lines 62--92

 []


Overfull \hbox (56.01308pt too wide) in paragraph at lines 62--92
[] 
 []


Underfull \hbox (badness 10000) in paragraph at lines 62--92

 []


Underfull \hbox (badness 10000) in paragraph at lines 62--92

 []


Underfull \hbox (badness 10000) in paragraph at lines 62--92

 []


Overfull \hbox (102.39612pt too wide) in paragraph at lines 62--92
| [] 
 []


Underfull \hbox (badness 10000) in paragraph at lines 62--92

 []


Underfull \hbox (badness 10000) in paragraph at lines 62--92

 []


Underfull \hbox (badness 10000) in paragraph at lines 62--92

 []


Underfull \hbox (badness 10000) in paragraph at lines 62--92

 []


Underfull \hbox (badness 10000) in paragraph at lines 62--92

 []


Underfull \hbox (badness 10000) in paragraph at lines 62--92

 []


Underfull \hbox (badness 10000) in paragraph at lines 62--92

 []


Underfull \hbox (badness 10000) in paragraph at lines 62--92

 []

[2 <./histogram_hours.png (PNG copy)> <./histogram_days.png (PNG copy)>]
[3 <./histogram_district.png (PNG copy)> <./crimes_hours.png>] [4 <./crimes_hou
rs_2.png>] [5] <CCR.png, id=31, 578.16pt x 433.62pt>
File: CCR.png Graphic file (type png)
 <use CCR.png>
Package pdftex.def Info: CCR.png used on input line 96.
(pdftex.def)             Requested size: 462.52863pt x 346.89647pt.

<logloss.png, id=32, 578.16pt x 433.62pt>
File: logloss.png Graphic file (type png)
 <use logloss.png>
Package pdftex.def Info: logloss.png used on input line 100.
(pdftex.def)             Requested size: 462.52863pt x 346.89647pt.

Overfull \hbox (44.27307pt too wide) in paragraph at lines 96--103
[] 
 []


Underfull \hbox (badness 10000) in paragraph at lines 96--103

 []


Underfull \hbox (badness 10000) in paragraph at lines 96--103

 []


Underfull \hbox (badness 10000) in paragraph at lines 96--103

 []


Overfull \hbox (44.27307pt too wide) in paragraph at lines 96--103
[] 
 []


Underfull \hbox (badness 10000) in paragraph at lines 96--103

 []

[6 <./CCR.png (PNG copy)>] [7 <./logloss.png (PNG copy)>] [8]
<part_a_CV_CCR.png, id=43, 578.16pt x 433.62pt>
File: part_a_CV_CCR.png Graphic file (type png)
 <use part_a_CV_CCR.png>
Package pdftex.def Info: part_a_CV_CCR.png used on input line 115.
(pdftex.def)             Requested size: 462.52863pt x 346.89647pt.

Overfull \hbox (44.27307pt too wide) in paragraph at lines 115--118
[] 
 []


Underfull \hbox (badness 10000) in paragraph at lines 115--118

 []

[9 <./part_a_CV_CCR.png (PNG copy)>]
<part_b_CV_CCR.png, id=51, 578.16pt x 433.62pt>
File: part_b_CV_CCR.png Graphic file (type png)
 <use part_b_CV_CCR.png>
Package pdftex.def Info: part_b_CV_CCR.png used on input line 121.
(pdftex.def)             Requested size: 462.52863pt x 346.89647pt.

Overfull \hbox (44.27307pt too wide) in paragraph at lines 121--124
[] 
 []


Underfull \hbox (badness 10000) in paragraph at lines 121--124

 []

[10 <./part_b_CV_CCR.png (PNG copy)>]
<part_c_CV_CCR.png, id=55, 578.16pt x 433.62pt>
File: part_c_CV_CCR.png Graphic file (type png)
 <use part_c_CV_CCR.png>
Package pdftex.def Info: part_c_CV_CCR.png used on input line 127.
(pdftex.def)             Requested size: 462.52863pt x 346.89647pt.

<part_c_confusion_matrix.png, id=56, 161.85469pt x 56.46094pt>
File: part_c_confusion_matrix.png Graphic file (type png)

<use part_c_confusion_matrix.png>
Package pdftex.def Info: part_c_confusion_matrix.png used on input line 133.
(pdftex.def)             Requested size: 161.85428pt x 56.46078pt.

Overfull \hbox (44.27307pt too wide) in paragraph at lines 127--136
[] 
 []


Underfull \hbox (badness 10000) in paragraph at lines 127--136

 []


Underfull \hbox (badness 10000) in paragraph at lines 127--136

 []


Underfull \hbox (badness 10000) in paragraph at lines 127--136

 []


Underfull \hbox (badness 10000) in paragraph at lines 127--136

 []

[11 <./part_c_CV_CCR.png (PNG copy)> <./part_c_confusion_matrix.png>]
<part_d_CV_CCR.png, id=61, 421.575pt x 316.18124pt>
File: part_d_CV_CCR.png Graphic file (type png)
 <use part_d_CV_CCR.png>
Package pdftex.def Info: part_d_CV_CCR.png used on input line 139.
(pdftex.def)             Requested size: 337.26045pt x 252.94533pt.

<part_d_confusion_matrix.png, id=62, 162.6075pt x 54.9553pt>
File: part_d_confusion_matrix.png Graphic file (type png)

<use part_d_confusion_matrix.png>
Package pdftex.def Info: part_d_confusion_matrix.png used on input line 145.
(pdftex.def)             Requested size: 162.6071pt x 54.95515pt.

Underfull \hbox (badness 10000) in paragraph at lines 139--148

 []


Underfull \hbox (badness 10000) in paragraph at lines 139--148

 []


Underfull \hbox (badness 10000) in paragraph at lines 139--148

 []


Underfull \hbox (badness 10000) in paragraph at lines 139--148

 []

[12 <./part_d_CV_CCR.png (PNG copy)> <./part_d_confusion_matrix.png>]
<part_e_confusion_matrix.png, id=67, 495.35063pt x 338.76563pt>
File: part_e_confusion_matrix.png Graphic file (type png)

<use part_e_confusion_matrix.png>
Package pdftex.def Info: part_e_confusion_matrix.png used on input line 156.
(pdftex.def)             Requested size: 495.34943pt x 338.76479pt.

Underfull \hbox (badness 10000) in paragraph at lines 152--157

 []


Underfull \hbox (badness 10000) in paragraph at lines 152--157

 []


Overfull \hbox (77.09387pt too wide) in paragraph at lines 152--157
[] 
 []

[13 <./part_e_confusion_matrix.png>]
<part_f_confusion_matrix.png, id=73, 503.63156pt x 344.78813pt>
File: part_f_confusion_matrix.png Graphic file (type png)

<use part_f_confusion_matrix.png>
Package pdftex.def Info: part_f_confusion_matrix.png used on input line 164.
(pdftex.def)             Requested size: 503.63033pt x 344.78728pt.

Underfull \hbox (badness 10000) in paragraph at lines 160--165

 []


Underfull \hbox (badness 10000) in paragraph at lines 160--165

 []


Overfull \hbox (85.37477pt too wide) in paragraph at lines 160--165
[] 
 []

[14 <./part_f_confusion_matrix.png>] (answers.aux) ) 
Here is how much of TeX's memory you used:
 4534 strings out of 493673
 64156 string characters out of 3147619
 287459 words of memory out of 3000000
 7811 multiletter control sequences out of 15000+200000
 21391 words of font info for 57 fonts, out of 3000000 for 9000
 1025 hyphenation exceptions out of 8191
 41i,10n,47p,406b,214s stack positions out of 5000i,500n,10000p,200000b,50000s
 <C:\Users\mikha_000\AppDat
a\Local\MiKTeX\2.9\fonts\pk\ljfour\jknappen\ec\dpi600\eccc1200.pk> <C:\Users\mi
kha_000\AppData\Local\MiKTeX\2.9\fonts\pk\ljfour\jknappen\ec\dpi600\eccc1440.pk
> <C:\Users\mikha_000\AppData\Local\MiKTeX\2.9\fonts\pk\ljfour\jknappen\ec\dpi6
00\ecrm1095.pk> <C:\Users\mikha_000\AppData\Local\MiKTeX\2.9\fonts\pk\ljfour\jk
nappen\ec\dpi600\ecrm1440.pk> <C:\Users\mikha_000\AppData\Local\MiKTeX\2.9\font
s\pk\ljfour\jknappen\ec\dpi600\ecrm2074.pk> <C:\Users\mikha_000\AppData\Local\M
iKTeX\2.9\fonts\pk\ljfour\jknappen\ec\dpi600\eccc1095.pk><D:/Programs/MikTeX/fo
nts/type1/public/amsfonts/cm/cmmi10.pfb><D:/Programs/MikTeX/fonts/type1/public/
amsfonts/cm/cmr10.pfb><D:/Programs/MikTeX/fonts/type1/public/amsfonts/cm/cmr8.p
fb><D:/Programs/MikTeX/fonts/type1/public/amsfonts/cm/cmsy8.pfb>
Output written on answers.pdf (14 pages, 228880 bytes).
PDF statistics:
 248 PDF objects out of 1000 (max. 8388607)
 0 named destinations out of 1000 (max. 500000)
 76 words of extra memory for PDF output out of 10000 (max. 10000000)

